Added Component: Designator=9dof 2 click(MIKROE-2371)
Add component (AddParameter): Name = "Check_prices"; Value = "https://www.snapeda.com/parts/MIKROE-2371/MikroElektronika/view-part/?ref=eda"; VariantName = "[No Variations]"
Add component (AddParameter): Name = "MF"; Value = "MikroElektronika"; VariantName = "[No Variations]"
Add component (AddParameter): Name = "MP"; Value = "MIKROE-2371"; VariantName = "[No Variations]"
Add component (AddParameter): Name = "Package"; Value = "None"; VariantName = "[No Variations]"
Add component (AddParameter): Name = "SnapEDA_Link"; Value = "https://www.snapeda.com/parts/MIKROE-2371/MikroElektronika/view-part/?ref=snap"; VariantName = "[No Variations]"
Add component (AddParameter): Name = "Value"; Value = ""; VariantName = "[No Variations]"
Added Component: Designator=esp32s2(XCVR_ESP32-S2-DEVKITM-1U)
Add component (AddParameter): Name = "Check_prices"; Value = "https://www.snapeda.com/parts/ESP32-S2-DEVKITM-1U/Espressif+Systems/view-part/?ref=eda"; VariantName = "[No Variations]"
Add component (AddParameter): Name = "MF"; Value = "Espressif Systems"; VariantName = "[No Variations]"
Add component (AddParameter): Name = "MP"; Value = "ESP32-S2-DEVKITM-1U"; VariantName = "[No Variations]"
Add component (AddParameter): Name = "Package"; Value = "None"; VariantName = "[No Variations]"
Add component (AddParameter): Name = "SnapEDA_Link"; Value = "https://www.snapeda.com/parts/ESP32-S2-DEVKITM-1U/Espressif+Systems/view-part/?ref=snap"; VariantName = "[No Variations]"
Add component (AddParameter): Name = "Value"; Value = ""; VariantName = "[No Variations]"
Added Component: Designator=Fan(HDR1X3)
Add component (AddParameter): Name = "LatestRevisionDate"; Value = "17-Jul-2002"; VariantName = "[No Variations]"
Add component (AddParameter): Name = "LatestRevisionNote"; Value = "Re-released for DXP Platform."; VariantName = "[No Variations]"
Add component (AddParameter): Name = "Publisher"; Value = "Altium Limited"; VariantName = "[No Variations]"
Added Component: Designator=LR click(MIKROE-4159)
Add component (AddParameter): Name = "Availability"; Value = "In Stock"; VariantName = "[No Variations]"
Add component (AddParameter): Name = "Check_prices"; Value = "https://www.snapeda.com/parts/MIKROE-4159/MikroElektronika/view-part/?ref=eda"; VariantName = "[No Variations]"
Add component (AddParameter): Name = "MF"; Value = "MikroElektronika"; VariantName = "[No Variations]"
Add component (AddParameter): Name = "MP"; Value = "MIKROE-4159"; VariantName = "[No Variations]"
Add component (AddParameter): Name = "Package"; Value = "None"; VariantName = "[No Variations]"
Add component (AddParameter): Name = "Price"; Value = "None"; VariantName = "[No Variations]"
Add component (AddParameter): Name = "Purchase-URL"; Value = "https://pricing.snapeda.com/search/part/MIKROE-4159/?ref=eda"; VariantName = "[No Variations]"
Add component (AddParameter): Name = "SnapEDA_Link"; Value = "https://www.snapeda.com/parts/MIKROE-4159/MikroElektronika/view-part/?ref=snap"; VariantName = "[No Variations]"
Add component (AddParameter): Name = "Value"; Value = ""; VariantName = "[No Variations]"
Added Component: Designator=SHT31(HDR1X4)
Add component (AddParameter): Name = "LatestRevisionDate"; Value = "17-Jul-2002"; VariantName = "[No Variations]"
Add component (AddParameter): Name = "LatestRevisionNote"; Value = "Re-released for DXP Platform."; VariantName = "[No Variations]"
Add component (AddParameter): Name = "Publisher"; Value = "Altium Limited"; VariantName = "[No Variations]"
Added Pin To Net: NetName=Net9dof 2 click_3 Pin=9dof 2 click-3
Added Pin To Net: NetName=Net9dof 2 click_4 Pin=9dof 2 click-4
Added Pin To Net: NetName=Net9dof 2 click_5 Pin=9dof 2 click-5
Added Pin To Net: NetName=Net9dof 2 click_6 Pin=9dof 2 click-6
Added Pin To Net: NetName=Net9dof 2 click_7 Pin=9dof 2 click-7
Added Pin To Net: NetName=Net9dof 2 click_8 Pin=9dof 2 click-8
Added Pin To Net: NetName=Net9dof 2 click_15 Pin=9dof 2 click-15
Added Pin To Net: NetName=Net9dof 2 click_7 Pin=esp32s2-J1_1
Added Pin To Net: NetName=Net9dof 2 click_15 Pin=esp32s2-J1_2
Added Pin To Net: NetName=Netesp32s2_J1_3 Pin=esp32s2-J1_3
Added Pin To Net: NetName=Netesp32s2_J1_4 Pin=esp32s2-J1_4
Added Pin To Net: NetName=Netesp32s2_J1_6 Pin=esp32s2-J1_6
Added Pin To Net: NetName=Netesp32s2_J1_10 Pin=esp32s2-J1_10
Added Pin To Net: NetName=Netesp32s2_J1_11 Pin=esp32s2-J1_11
Added Pin To Net: NetName=Net9dof 2 click_6 Pin=esp32s2-J1_12
Added Pin To Net: NetName=Net9dof 2 click_4 Pin=esp32s2-J1_13
Added Pin To Net: NetName=Net9dof 2 click_3 Pin=esp32s2-J1_14
Added Pin To Net: NetName=Net9dof 2 click_5 Pin=esp32s2-J1_15
Added Pin To Net: NetName=Net9dof 2 click_8 Pin=esp32s2-J3_1
Added Pin To Net: NetName=Netesp32s2_J3_2 Pin=esp32s2-J3_2
Added Pin To Net: NetName=Net9dof 2 click_8 Pin=Fan-1
Added Pin To Net: NetName=Net9dof 2 click_7 Pin=Fan-2
Added Pin To Net: NetName=Netesp32s2_J1_6 Pin=Fan-3
Added Pin To Net: NetName=Netesp32s2_J3_2 Pin=LR click-2
Added Pin To Net: NetName=Net9dof 2 click_7 Pin=LR click-7
Added Pin To Net: NetName=Net9dof 2 click_8 Pin=LR click-8
Added Pin To Net: NetName=Netesp32s2_J1_3 Pin=LR click-13
Added Pin To Net: NetName=Netesp32s2_J1_4 Pin=LR click-14
Added Pin To Net: NetName=Netesp32s2_J1_10 Pin=SHT31-1
Added Pin To Net: NetName=Netesp32s2_J1_11 Pin=SHT31-2
Added Pin To Net: NetName=Net9dof 2 click_8 Pin=SHT31-3
Added Pin To Net: NetName=Net9dof 2 click_7 Pin=SHT31-4
Added Member To Class: ClassName=monitor_sch. Member=Component 9dof 2 click MIKROE-2371
Added Member To Class: ClassName=monitor_sch. Member=Component esp32s2 ESP32-S2-DEVKITM-1U
Added Member To Class: ClassName=monitor_sch. Member=Component Fan Header 3
Added Member To Class: ClassName=monitor_sch. Member=Component LR click MIKROE-4159
Added Member To Class: ClassName=monitor_sch. Member=Component SHT31 Header 4
Added Room: Name=monitor_sch.
